<?xml version="1.0" encoding="UTF-8" ?>
<testsuite tests="9" failures="0" name="calculator.TestCalculator" time="0.01" errors="0" skipped="0">
  <properties>
[...]
</properties>
  <testcase classname="calculator.TestCalculator" name="cubeTest1" time="0.009"/>
  <testcase classname="calculator.TestCalculator" name="cubeTest2" time="0"/>
  <testcase classname="calculator.TestCalculator" name="cubeTest3" time="0"/>
  <testcase classname="calculator.TestCalculator" name="CalculatorTest1" time="0"/>
  <testcase classname="calculator.TestCalculator" name="CalculatorTest2" time="0"/>
  <testcase classname="calculator.TestCalculator" name="CalculatorTest3" time="0.001"/>
  <testcase classname="calculator.TestCalculator" name="squareTest1" time="0"/>
  <testcase classname="calculator.TestCalculator" name="squareTest2" time="0"/>
  <testcase classname="calculator.TestCalculator" name="squareTest3" time="0"/>
</testsuite>